[2026-02-18T12:11:01.393Z] ============================================================
[2026-02-18T12:11:01.394Z] STARTUP coordinator v1.0
[2026-02-18T12:11:01.395Z] AGENTS discovered: ceo, bi-finance, marketing, operations, technology
[2026-02-18T12:11:01.395Z] HOOK installed bin/hooks/post-commit → .git/hooks/post-commit
[2026-02-18T12:11:01.396Z] WATCH inbox/ (agents: ceo, bi-finance, marketing, operations, technology)
[2026-02-18T12:11:01.396Z] WATCH events/ (routing by filename convention)
[2026-02-18T12:11:01.396Z] WATCH credentials/api-keys.env (marketing, from wake-on.conf)
[2026-02-18T12:11:01.396Z] STARTUP complete — watching for events
[2026-02-18T12:11:02.398Z] RECOVERY scanning for missed events and stale state...
[2026-02-18T12:11:02.399Z] RECOVERY bi-finance inbox modified since last run — starting
[2026-02-18T12:11:02.399Z] RECOVERY ceo inbox modified since last run — starting
[2026-02-18T12:11:02.399Z] RECOVERY marketing inbox modified since last run — starting
[2026-02-18T12:11:02.399Z] RECOVERY operations inbox modified since last run — starting
[2026-02-18T12:11:02.399Z] RECOVERY technology inbox modified since last run — starting
[2026-02-18T12:11:02.399Z] RECOVERY complete — 5 missed event(s) found
[2026-02-18T12:11:05.402Z] AGENT bi-finance starting (trigger: inbox-missed)
[2026-02-18T12:11:05.404Z] AGENT bi-finance started (pid: 678951)
[2026-02-18T12:11:05.899Z] AGENT ceo starting (trigger: inbox-missed)
[2026-02-18T12:11:05.900Z] AGENT ceo started (pid: 678972)
[2026-02-18T12:11:06.398Z] FALLBACK marketing — 492060h since last run
[2026-02-18T12:11:06.398Z] AGENT marketing starting (trigger: 24h-fallback)
[2026-02-18T12:11:06.400Z] AGENT marketing started (pid: 678993)
[2026-02-18T12:11:06.400Z] FALLBACK operations — 492060h since last run
[2026-02-18T12:11:06.400Z] AGENT operations starting (trigger: 24h-fallback)
[2026-02-18T12:11:06.404Z] AGENT operations started (pid: 678995)
[2026-02-18T12:11:06.404Z] FALLBACK technology — 492060h since last run
[2026-02-18T12:11:06.404Z] AGENT technology starting (trigger: 24h-fallback)
[2026-02-18T12:11:06.405Z] AGENT technology started (pid: 678997)
[2026-02-18T12:11:06.405Z] QUEUED marketing already running — trigger queued: inbox-missed
[2026-02-18T12:11:06.903Z] QUEUED operations already running — trigger queued: inbox-missed
[2026-02-18T12:11:07.400Z] QUEUED technology already running — trigger queued: inbox-missed
[2026-02-18T12:12:08.930Z] EVENT ceo-test-20260218T121500Z.json → ceo
[2026-02-18T12:12:08.931Z] QUEUED ceo already running — trigger queued: ceo-test-20260218T121500Z.json
[2026-02-18T12:12:22.647Z] AGENT bi-finance exited (code=1, duration: 77s)
[2026-02-18T12:12:22.647Z] BACKOFF bi-finance error #1, next allowed in 30s
[2026-02-18T12:13:06.994Z] AGENT ceo exited (code=1, duration: 121s)
[2026-02-18T12:13:06.995Z] BACKOFF ceo error #1, next allowed in 30s
[2026-02-18T12:13:06.995Z] PENDING ceo processing queued trigger
[2026-02-18T12:13:06.995Z] BACKOFF ceo in backoff for 30s more
[2026-02-18T12:13:12.634Z] AGENT marketing exited (code=1, duration: 126s)
[2026-02-18T12:13:12.635Z] BACKOFF marketing error #1, next allowed in 30s
[2026-02-18T12:13:12.635Z] PENDING marketing processing queued trigger
[2026-02-18T12:13:12.635Z] BACKOFF marketing in backoff for 30s more
[2026-02-18T12:13:16.630Z] AGENT technology exited (code=1, duration: 130s)
[2026-02-18T12:13:16.630Z] BACKOFF technology error #1, next allowed in 30s
[2026-02-18T12:13:16.630Z] PENDING technology processing queued trigger
[2026-02-18T12:13:16.630Z] BACKOFF technology in backoff for 30s more
[2026-02-18T12:13:20.791Z] AGENT operations exited (code=1, duration: 134s)
[2026-02-18T12:13:20.791Z] BACKOFF operations error #1, next allowed in 30s
[2026-02-18T12:13:20.791Z] PENDING operations processing queued trigger
[2026-02-18T12:13:20.791Z] BACKOFF operations in backoff for 30s more
[2026-02-18T12:13:37.099Z] AGENT ceo starting (trigger: pending-trigger)
[2026-02-18T12:13:37.101Z] AGENT ceo started (pid: 680062)
[2026-02-18T12:13:42.740Z] AGENT marketing starting (trigger: pending-trigger)
[2026-02-18T12:13:42.742Z] AGENT marketing started (pid: 680142)
[2026-02-18T12:13:46.735Z] AGENT technology starting (trigger: pending-trigger)
[2026-02-18T12:13:46.737Z] AGENT technology started (pid: 680180)
[2026-02-18T12:13:50.895Z] AGENT operations starting (trigger: pending-trigger)
[2026-02-18T12:13:50.898Z] AGENT operations started (pid: 680217)
[2026-02-18T12:14:10.692Z] AGENT ceo exited (code=1, duration: 34s)
[2026-02-18T12:14:10.692Z] BACKOFF ceo error #2, next allowed in 60s
