2026-02-16T07:17:43Z -- [auto-deploy] Auto-deploy loop started (check every 300s, force every 1800s)
2026-02-16T07:17:43Z -- [auto-deploy] Starting deploy: startup

> selfhosting-sh@1.0.0 build
> astro build && npx pagefind --site dist

07:17:45 [content] Syncing content
07:17:45 [WARN] [glob-loader] No files found matching "**/*.md" in directory "src/content/compare"
07:17:45 [WARN] [glob-loader] No files found matching "**/*.md" in directory "src/content/best"
07:17:45 [WARN] [glob-loader] No files found matching "**/*.md" in directory "src/content/replace"
07:17:45 [WARN] [glob-loader] No files found matching "**/*.md" in directory "src/content/hardware"
07:17:45 [WARN] [glob-loader] No files found matching "**/*.md" in directory "src/content/troubleshooting"
07:17:45 [content] Synced content
07:17:45 [types] Generated 547ms
07:17:45 [build] output: "static"
07:17:45 [build] mode: "static"
07:17:45 [build] directory: /opt/selfhosting-sh/site/dist/
07:17:45 [build] Collecting build info...
07:17:45 [build] ✓ Completed in 598ms.
07:17:45 [build] Building static entrypoints...
07:17:46 [vite] ✓ built in 1.20s
07:17:46 [build] ✓ Completed in 1.23s.

 generating static routes 
07:17:46 ▶ src/pages/404.astro
07:17:46   └─ /404.html (+8ms) 
07:17:46 ▶ src/pages/about.astro
07:17:46   └─ /about/index.html (+2ms) 
07:17:46 ▶ src/pages/apps/index.astro
07:17:46   └─ /apps/index.html (+22ms) 
07:17:46 ▶ src/pages/apps/[...slug].astro
07:17:46   ├─ /apps/portainer/index.html (+4ms) 
07:17:46   ├─ /apps/adguard-home/index.html (+3ms) 
07:17:46   ├─ /apps/jellyfin/index.html (+3ms) 
07:17:46   ├─ /apps/home-assistant/index.html (+3ms) 
07:17:46   ├─ /apps/pi-hole/index.html (+3ms) 
07:17:46   ├─ /apps/uptime-kuma/index.html (+3ms) 
07:17:46   ├─ /apps/vaultwarden/index.html (+2ms) 
07:17:46   ├─ /apps/immich/index.html (+2ms) 
07:17:46   ├─ /apps/nextcloud/index.html (+2ms) 
07:17:46   ├─ /apps/nginx-proxy-manager/index.html (+3ms) 
07:17:46   ├─ /apps/plex/index.html (+1ms) 
07:17:46   ├─ /apps/bookstack/index.html (+2ms) 
07:17:46   ├─ /apps/dockge/index.html (+1ms) 
07:17:46   ├─ /apps/photoprism/index.html (+2ms) 
07:17:46   └─ /apps/syncthing/index.html (+3ms) 
07:17:46 ▶ src/pages/best/index.astro
07:17:46   └─ /best/index.htmlThe collection "best" does not exist or is empty. Please check your content config file for errors.
 (+1ms) 
07:17:46 ▶ src/pages/best/[...slug].astro
The collection "best" does not exist or is empty. Please check your content config file for errors.
07:17:46 ▶ src/pages/compare/index.astro
07:17:46   └─ /compare/index.htmlThe collection "compare" does not exist or is empty. Please check your content config file for errors.
 (+1ms) 
07:17:46 ▶ src/pages/compare/[...slug].astro
The collection "compare" does not exist or is empty. Please check your content config file for errors.
07:17:46 ▶ src/pages/foundations/index.astro
07:17:46   └─ /foundations/index.html (+3ms) 
07:17:46 ▶ src/pages/foundations/[...slug].astro
07:17:46   ├─ /foundations/backup-3-2-1-rule/index.html (+2ms) 
07:17:46   ├─ /foundations/docker-compose-basics/index.html (+2ms) 
07:17:46   ├─ /foundations/docker-networking/index.html (+1ms) 
07:17:46   ├─ /foundations/docker-volumes/index.html (+2ms) 
07:17:46   ├─ /foundations/getting-started/index.html (+1ms) 
07:17:46   ├─ /foundations/reverse-proxy-explained/index.html (+2ms) 
07:17:46   └─ /foundations/ssh-setup/index.html (+1ms) 
07:17:46 ▶ src/pages/hardware/index.astro
07:17:46   └─ /hardware/index.htmlThe collection "hardware" does not exist or is empty. Please check your content config file for errors.
 (+1ms) 
07:17:46 ▶ src/pages/hardware/[...slug].astro
The collection "hardware" does not exist or is empty. Please check your content config file for errors.
07:17:46 ▶ src/pages/privacy.astro
07:17:46   └─ /privacy/index.html (+1ms) 
07:17:46 ▶ src/pages/replace/index.astro
07:17:46   └─ /replace/index.htmlThe collection "replace" does not exist or is empty. Please check your content config file for errors.
 (+3ms) 
07:17:46 ▶ src/pages/replace/[...slug].astro
The collection "replace" does not exist or is empty. Please check your content config file for errors.
07:17:46 λ src/pages/rss.xml.ts
07:17:46   └─ /rss.xmlThe collection "compare" does not exist or is empty. Please check your content config file for errors.
The collection "best" does not exist or is empty. Please check your content config file for errors.
The collection "replace" does not exist or is empty. Please check your content config file for errors.
The collection "hardware" does not exist or is empty. Please check your content config file for errors.
The collection "troubleshooting" does not exist or is empty. Please check your content config file for errors.
 (+7ms) 
07:17:46 ▶ src/pages/search.astro
07:17:46   └─ /search/index.html (+1ms) 
07:17:46 ▶ src/pages/terms.astro
07:17:46   └─ /terms/index.html (+1ms) 
07:17:46 ▶ src/pages/troubleshooting/index.astro
07:17:46   └─ /troubleshooting/index.htmlThe collection "troubleshooting" does not exist or is empty. Please check your content config file for errors.
 (+1ms) 
07:17:46 ▶ src/pages/troubleshooting/[...slug].astro
The collection "troubleshooting" does not exist or is empty. Please check your content config file for errors.
07:17:46 ▶ src/pages/index.astro
07:17:46   └─ /index.htmlThe collection "compare" does not exist or is empty. Please check your content config file for errors.
The collection "best" does not exist or is empty. Please check your content config file for errors.
The collection "replace" does not exist or is empty. Please check your content config file for errors.
 (+5ms) 
07:17:46 ✓ Completed in 151ms.

07:17:46 [@astrojs/sitemap] `sitemap-index.xml` created at `dist`
07:17:46 [build] 35 page(s) built in 2.02s
07:17:46 [build] Complete!

Running Pagefind v1.4.0 (Extended)
Running from: "/opt/selfhosting-sh/site"
Source:       "dist"
Output:       "dist/pagefind"

[Walking source directory]
Found 35 files matching **/*.{html}

[Parsing files]
Found a data-pagefind-body element on the site.
↳ Ignoring pages without this tag.

[Reading languages]
Discovered 1 language: en

[Building search indexes]
Total: 
  Indexed 1 language
  Indexed 22 pages
  Indexed 4067 words
  Indexed 0 filters
  Indexed 0 sorts

Finished in 0.379 seconds
2026-02-16T07:17:47Z -- [auto-deploy] Build succeeded
Uploading... (76/76)
✨ Success! Uploaded 0 files (76 already uploaded) (0.28 sec)

✨ Uploading _headers
✨ Uploading _redirects
🌎 Deploying...
✨ Deployment complete! Take a peek over at https://1ba9547d.selfhosting-sh.pages.dev
2026-02-16T07:17:54Z -- [auto-deploy] Deploy succeeded
2026-02-16T07:17:54Z -- [auto-deploy] Pages deployed: 34
2026-02-16T07:22:54Z -- [auto-deploy] Starting deploy: 1 new/modified content files since last deploy

> selfhosting-sh@1.0.0 build
> astro build && npx pagefind --site dist

07:22:56 [content] Syncing content
07:22:56 [WARN] [glob-loader] No files found matching "**/*.md" in directory "src/content/best"
07:22:56 [WARN] [glob-loader] No files found matching "**/*.md" in directory "src/content/replace"
07:22:56 [WARN] [glob-loader] No files found matching "**/*.md" in directory "src/content/hardware"
07:22:56 [WARN] [glob-loader] No files found matching "**/*.md" in directory "src/content/troubleshooting"
07:22:56 [content] Synced content
07:22:56 [types] Generated 663ms
07:22:56 [build] output: "static"
07:22:56 [build] mode: "static"
07:22:56 [build] directory: /opt/selfhosting-sh/site/dist/
07:22:56 [build] Collecting build info...
07:22:56 [build] ✓ Completed in 716ms.
07:22:56 [build] Building static entrypoints...
07:22:57 [vite] ✓ built in 1.23s
07:22:57 [build] ✓ Completed in 1.28s.

 generating static routes 
07:22:57 ▶ src/pages/404.astro
07:22:57   └─ /404.html (+10ms) 
07:22:57 ▶ src/pages/about.astro
07:22:57   └─ /about/index.html (+2ms) 
07:22:57 ▶ src/pages/apps/index.astro
07:22:57   └─ /apps/index.html (+23ms) 
07:22:57 ▶ src/pages/apps/[...slug].astro
07:22:57   ├─ /apps/portainer/index.html (+4ms) 
07:22:57   ├─ /apps/adguard-home/index.html (+2ms) 
07:22:57   ├─ /apps/jellyfin/index.html (+3ms) 
07:22:57   ├─ /apps/home-assistant/index.html (+2ms) 
07:22:57   ├─ /apps/pi-hole/index.html (+2ms) 
07:22:57   ├─ /apps/uptime-kuma/index.html (+3ms) 
07:22:57   ├─ /apps/vaultwarden/index.html (+4ms) 
07:22:57   ├─ /apps/immich/index.html (+3ms) 
07:22:57   ├─ /apps/nextcloud/index.html (+2ms) 
07:22:57   ├─ /apps/nginx-proxy-manager/index.html (+3ms) 
07:22:57   ├─ /apps/plex/index.html (+2ms) 
07:22:57   ├─ /apps/bookstack/index.html (+2ms) 
07:22:57   ├─ /apps/dockge/index.html (+2ms) 
07:22:57   ├─ /apps/photoprism/index.html (+2ms) 
07:22:57   └─ /apps/syncthing/index.html (+2ms) 
07:22:57 ▶ src/pages/best/index.astro
07:22:57   └─ /best/index.htmlThe collection "best" does not exist or is empty. Please check your content config file for errors.
 (+1ms) 
07:22:57 ▶ src/pages/best/[...slug].astro
The collection "best" does not exist or is empty. Please check your content config file for errors.
07:22:57 ▶ src/pages/compare/index.astro
07:22:57   └─ /compare/index.html (+2ms) 
07:22:57 ▶ src/pages/compare/[...slug].astro
07:22:57   └─ /compare/pi-hole-vs-adguard-home/index.html (+2ms) 
07:22:57 ▶ src/pages/foundations/index.astro
07:22:57   └─ /foundations/index.html (+3ms) 
07:22:57 ▶ src/pages/foundations/[...slug].astro
07:22:57   ├─ /foundations/backup-3-2-1-rule/index.html (+2ms) 
07:22:57   ├─ /foundations/docker-compose-basics/index.html (+2ms) 
07:22:57   ├─ /foundations/docker-networking/index.html (+2ms) 
07:22:57   ├─ /foundations/docker-volumes/index.html (+2ms) 
07:22:57   ├─ /foundations/getting-started/index.html (+1ms) 
07:22:57   ├─ /foundations/reverse-proxy-explained/index.html (+2ms) 
07:22:57   └─ /foundations/ssh-setup/index.html (+2ms) 
07:22:57 ▶ src/pages/hardware/index.astro
07:22:57   └─ /hardware/index.htmlThe collection "hardware" does not exist or is empty. Please check your content config file for errors.
 (+1ms) 
07:22:57 ▶ src/pages/hardware/[...slug].astro
The collection "hardware" does not exist or is empty. Please check your content config file for errors.
07:22:57 ▶ src/pages/privacy.astro
07:22:57   └─ /privacy/index.html (+1ms) 
07:22:57 ▶ src/pages/replace/index.astro
07:22:57   └─ /replace/index.htmlThe collection "replace" does not exist or is empty. Please check your content config file for errors.
 (+1ms) 
07:22:57 ▶ src/pages/replace/[...slug].astro
The collection "replace" does not exist or is empty. Please check your content config file for errors.
07:22:57 λ src/pages/rss.xml.ts
07:22:57   └─ /rss.xmlThe collection "best" does not exist or is empty. Please check your content config file for errors.
The collection "replace" does not exist or is empty. Please check your content config file for errors.
The collection "hardware" does not exist or is empty. Please check your content config file for errors.
The collection "troubleshooting" does not exist or is empty. Please check your content config file for errors.
 (+8ms) 
07:22:57 ▶ src/pages/search.astro
07:22:57   └─ /search/index.html (+1ms) 
07:22:57 ▶ src/pages/terms.astro
07:22:57   └─ /terms/index.html (+1ms) 
07:22:57 ▶ src/pages/troubleshooting/index.astro
07:22:57   └─ /troubleshooting/index.htmlThe collection "troubleshooting" does not exist or is empty. Please check your content config file for errors.
 (+1ms) 
07:22:57 ▶ src/pages/troubleshooting/[...slug].astro
The collection "troubleshooting" does not exist or is empty. Please check your content config file for errors.
07:22:57 ▶ src/pages/index.astro
07:22:57   └─ /index.htmlThe collection "best" does not exist or is empty. Please check your content config file for errors.
The collection "replace" does not exist or is empty. Please check your content config file for errors.
 (+4ms) 
07:22:57 ✓ Completed in 156ms.

07:22:57 [@astrojs/sitemap] `sitemap-index.xml` created at `dist`
07:22:57 [build] 36 page(s) built in 2.19s
07:22:57 [build] Complete!

Running Pagefind v1.4.0 (Extended)
Running from: "/opt/selfhosting-sh/site"
Source:       "dist"
Output:       "dist/pagefind"

[Walking source directory]
Found 36 files matching **/*.{html}

[Parsing files]
Found a data-pagefind-body element on the site.
↳ Ignoring pages without this tag.

[Reading languages]
Discovered 1 language: en

[Building search indexes]
Total: 
  Indexed 1 language
  Indexed 23 pages
  Indexed 4123 words
  Indexed 0 filters
  Indexed 0 sorts

Finished in 0.366 seconds
2026-02-16T07:22:58Z -- [auto-deploy] Build succeeded
Uploading... (66/78)
This error originated either by throwing inside of an async function without a catch block, or by rejecting a promise which was not handled with .catch(). The promise rejected with the reason:
Error: Failed to upload files. Please try again. Error: {"errno":-2,"code":"ENOENT","syscall":"open","path":"/opt/selfhosting-sh/site/dist/pagefind/index/en_1a9d108.pf_index"})
    at /opt/selfhosting-sh/site/node_modules/wrangler/wrangler-dist/cli.js:156737:13
    at async run (/opt/selfhosting-sh/site/node_modules/wrangler/wrangler-dist/cli.js:131843:26)
This error originated either by throwing inside of an async function without a catch block, or by rejecting a promise which was not handled with .catch(). The promise rejected with the reason:
Error: Failed to upload files. Please try again. Error: {"errno":-2,"code":"ENOENT","syscall":"open","path":"/opt/selfhosting-sh/site/dist/pagefind/index/en_8bc3b91.pf_index"})
    at /opt/selfhosting-sh/site/node_modules/wrangler/wrangler-dist/cli.js:156737:13
    at async run (/opt/selfhosting-sh/site/node_modules/wrangler/wrangler-dist/cli.js:131843:26)
✨ Success! Uploaded 12 files (66 already uploaded) (0.41 sec)

This error originated either by throwing inside of an async function without a catch block, or by rejecting a promise which was not handled with .catch(). The promise rejected with the reason:
Error: Failed to upload files. Please try again. Error: {"errno":-2,"code":"ENOENT","syscall":"open","path":"/opt/selfhosting-sh/site/dist/pagefind/index/en_8bf2ad7.pf_index"})
    at /opt/selfhosting-sh/site/node_modules/wrangler/wrangler-dist/cli.js:156737:13
    at async run (/opt/selfhosting-sh/site/node_modules/wrangler/wrangler-dist/cli.js:131843:26)
✨ Uploading _headers
✨ Uploading _redirects
🌎 Deploying...
✨ Deployment complete! Take a peek over at https://2462bf62.selfhosting-sh.pages.dev
2026-02-16T07:25:13Z -- [auto-deploy] Deploy succeeded
2026-02-16T07:25:13Z -- [auto-deploy] Pages deployed: 37
2026-02-16T07:30:13Z -- [auto-deploy] Starting deploy: 31 new/modified content files since last deploy

> selfhosting-sh@1.0.0 build
> astro build && npx pagefind --site dist

07:30:15 [content] Syncing content
07:30:15 [WARN] [glob-loader] No files found matching "**/*.md" in directory "src/content/best"
07:30:15 [WARN] [glob-loader] No files found matching "**/*.md" in directory "src/content/troubleshooting"
07:30:15 [WARN] [glob-loader] Duplicate id "portainer-vs-dockge" found in /opt/selfhosting-sh/site/src/content/compare/portainer-vs-dockge.md. Later items with the same id will overwrite earlier ones.
07:30:17 [content] Synced content
07:30:17 [types] Generated 2.29s
07:30:17 [build] output: "static"
07:30:17 [build] mode: "static"
07:30:17 [build] directory: /opt/selfhosting-sh/site/dist/
07:30:17 [build] Collecting build info...
07:30:17 [build] ✓ Completed in 2.34s.
07:30:17 [build] Building static entrypoints...
07:30:18 [vite] ✓ built in 1.60s
07:30:18 [build] ✓ Completed in 1.64s.

 generating static routes 
07:30:18 ▶ src/pages/404.astro
07:30:18   └─ /404.html (+8ms) 
07:30:18 ▶ src/pages/about.astro
07:30:18   └─ /about/index.html (+2ms) 
07:30:18 ▶ src/pages/apps/index.astro
07:30:18   └─ /apps/index.html (+36ms) 
07:30:18 ▶ src/pages/apps/[...slug].astro
07:30:18   ├─ /apps/portainer/index.html (+4ms) 
07:30:18   ├─ /apps/adguard-home/index.html (+2ms) 
07:30:18   ├─ /apps/jellyfin/index.html (+2ms) 
07:30:18   ├─ /apps/home-assistant/index.html (+2ms) 
07:30:18   ├─ /apps/pi-hole/index.html (+2ms) 
07:30:18   ├─ /apps/uptime-kuma/index.html (+3ms) 
07:30:18   ├─ /apps/vaultwarden/index.html (+2ms) 
07:30:18   ├─ /apps/immich/index.html (+4ms) 
07:30:18   ├─ /apps/nextcloud/index.html (+2ms) 
07:30:18   ├─ /apps/nginx-proxy-manager/index.html (+1ms) 
07:30:18   ├─ /apps/plex/index.html (+2ms) 
07:30:18   ├─ /apps/bookstack/index.html (+1ms) 
07:30:18   ├─ /apps/dockge/index.html (+6ms) 
07:30:18   ├─ /apps/photoprism/index.html (+4ms) 
07:30:18   ├─ /apps/syncthing/index.html (+3ms) 
07:30:18   ├─ /apps/diun/index.html (+2ms) 
07:30:18   ├─ /apps/caddy/index.html (+3ms) 
07:30:18   ├─ /apps/domoticz/index.html (+2ms) 
07:30:18   ├─ /apps/openhab/index.html (+4ms) 
07:30:18   ├─ /apps/traefik/index.html (+2ms) 
07:30:18   ├─ /apps/watchtower/index.html (+3ms) 
07:30:18   ├─ /apps/yacht/index.html (+1ms) 
07:30:18   ├─ /apps/gladys-assistant/index.html (+1ms) 
07:30:18   ├─ /apps/cosmos-cloud/index.html (+4ms) 
07:30:18   ├─ /apps/cloudflare-tunnel/index.html (+2ms) 
07:30:18   ├─ /apps/filebrowser/index.html (+1ms) 
07:30:18   ├─ /apps/headscale/index.html (+3ms) 
07:30:18   ├─ /apps/iobroker/index.html (+1ms) 
07:30:18   ├─ /apps/lazydocker/index.html (+1ms) 
07:30:18   ├─ /apps/librephotos/index.html (+1ms) 
07:30:18   ├─ /apps/navidrome/index.html (+1ms) 
07:30:18   ├─ /apps/seafile/index.html (+1ms) 
07:30:18   ├─ /apps/tailscale/index.html (+1ms) 
07:30:18   ├─ /apps/wg-easy/index.html (+1ms) 
07:30:18   └─ /apps/wireguard/index.html (+1ms) 
07:30:18 ▶ src/pages/best/index.astro
07:30:18   └─ /best/index.htmlThe collection "best" does not exist or is empty. Please check your content config file for errors.
 (+1ms) 
07:30:18 ▶ src/pages/best/[...slug].astro
The collection "best" does not exist or is empty. Please check your content config file for errors.
07:30:18 ▶ src/pages/compare/index.astro
07:30:18   └─ /compare/index.html (+4ms) 
07:30:18 ▶ src/pages/compare/[...slug].astro
07:30:18   ├─ /compare/pi-hole-vs-adguard-home/index.html (+1ms) 
07:30:18   ├─ /compare/jellyfin-vs-plex/index.html (+1ms) 
07:30:18   ├─ /compare/portainer-vs-dockge/index.html (+1ms) 
07:30:18   ├─ /compare/immich-vs-photoprism/index.html (+1ms) 
07:30:18   └─ /compare/nginx-proxy-manager-vs-traefik/index.html (+1ms) 
07:30:18 ▶ src/pages/foundations/index.astro
07:30:18   └─ /foundations/index.html (+2ms) 
07:30:18 ▶ src/pages/foundations/[...slug].astro
07:30:18   ├─ /foundations/backup-3-2-1-rule/index.html (+1ms) 
07:30:18   ├─ /foundations/docker-compose-basics/index.html (+1ms) 
07:30:18   ├─ /foundations/docker-networking/index.html (+1ms) 
07:30:18   ├─ /foundations/docker-volumes/index.html (+1ms) 
07:30:18   ├─ /foundations/getting-started/index.html (+1ms) 
07:30:18   ├─ /foundations/reverse-proxy-explained/index.html (+1ms) 
07:30:18   ├─ /foundations/ssh-setup/index.html (+1ms) 
07:30:18   ├─ /foundations/dns-explained/index.html (+1ms) 
07:30:18   ├─ /foundations/firewall-ufw/index.html (+3ms) 
07:30:18   ├─ /foundations/ssl-certificates/index.html (+1ms) 
07:30:18   ├─ /foundations/fail2ban/index.html (+1ms) 
07:30:18   └─ /foundations/linux-basics-self-hosting/index.html (+6ms) 
07:30:18 ▶ src/pages/hardware/index.astro
07:30:18   └─ /hardware/index.html (+4ms) 
07:30:18 ▶ src/pages/hardware/[...slug].astro
07:30:18   ├─ /hardware/best-mini-pc/index.html (+4ms) 
07:30:18   ├─ /hardware/best-nas/index.html (+4ms) 
07:30:18   └─ /hardware/intel-n100-mini-pc/index.html (+1ms) 
07:30:19 λ src/pages/og/[...slug].png.ts
The collection "best" does not exist or is empty. Please check your content config file for errors.
The collection "troubleshooting" does not exist or is empty. Please check your content config file for errors.
07:30:19   ├─ /og/apps/portainer.png (+189ms) 
07:30:19   ├─ /og/apps/adguard-home.png (+131ms) 
07:30:19   ├─ /og/apps/jellyfin.png (+151ms) 
07:30:19   ├─ /og/apps/home-assistant.png (+130ms) 
07:30:19   ├─ /og/apps/pi-hole.png (+143ms) 
07:30:19   ├─ /og/apps/uptime-kuma.png (+140ms) 
07:30:19   ├─ /og/apps/vaultwarden.png (+129ms) 
07:30:20   ├─ /og/apps/immich.png (+124ms) 
07:30:20   ├─ /og/apps/nextcloud.png (+107ms) 
07:30:20   ├─ /og/apps/nginx-proxy-manager.png (+108ms) 
07:30:20   ├─ /og/apps/plex.png (+117ms) 
07:30:20   ├─ /og/apps/bookstack.png (+122ms) 
07:30:20   ├─ /og/apps/dockge.png (+113ms) 
07:30:20   ├─ /og/apps/photoprism.png (+118ms) 
07:30:20   ├─ /og/apps/syncthing.png (+113ms) 
07:30:20   ├─ /og/apps/diun.png (+113ms) 
07:30:21   ├─ /og/apps/caddy.png (+117ms) 
07:30:21   ├─ /og/apps/domoticz.png (+109ms) 
07:30:21   ├─ /og/apps/openhab.png (+106ms) 
07:30:21   ├─ /og/apps/traefik.png (+126ms) 
07:30:21   ├─ /og/apps/watchtower.png (+132ms) 
07:30:21   ├─ /og/apps/yacht.png (+133ms) 
07:30:21   ├─ /og/apps/gladys-assistant.png (+122ms) 
07:30:21   ├─ /og/apps/cosmos-cloud.png (+110ms) 
07:30:22   ├─ /og/apps/cloudflare-tunnel.png (+103ms) 
07:30:22   ├─ /og/apps/filebrowser.png (+106ms) 
07:30:22   ├─ /og/apps/headscale.png (+104ms) 
07:30:22   ├─ /og/apps/iobroker.png (+107ms) 
07:30:22   ├─ /og/apps/lazydocker.png (+115ms) 
07:30:22   ├─ /og/apps/librephotos.png (+108ms) 
07:30:22   ├─ /og/apps/navidrome.png (+119ms) 
07:30:22   ├─ /og/apps/seafile.png (+108ms) 
07:30:22   ├─ /og/apps/tailscale.png (+107ms) 
07:30:23   ├─ /og/apps/wg-easy.png (+112ms) 
07:30:23   ├─ /og/apps/wireguard.png (+99ms) 
07:30:23   ├─ /og/compare/pi-hole-vs-adguard-home.png (+100ms) 
07:30:23   ├─ /og/compare/jellyfin-vs-plex.png (+128ms) 
07:30:23   ├─ /og/compare/portainer-vs-dockge.png (+123ms) 
07:30:23   ├─ /og/compare/immich-vs-photoprism.png (+104ms) 
07:30:23   ├─ /og/compare/nginx-proxy-manager-vs-traefik.png (+130ms) 
07:30:23   ├─ /og/replace/google-photos.png