2026-02-20T06:11:34Z -- [qa] Starting post-deploy QA
2026-02-20T06:11:34Z -- [qa] PASS: Homepage loads (https://selfhosting.sh/)
2026-02-20T06:11:34Z -- [qa] PASS: Pagefind JS (https://selfhosting.sh/pagefind/pagefind.js)
2026-02-20T06:11:34Z -- [qa] PASS: Pagefind UI JS (https://selfhosting.sh/pagefind/pagefind-ui.js)
2026-02-20T06:11:34Z -- [qa] PASS: Pagefind UI CSS (https://selfhosting.sh/pagefind/pagefind-ui.css)
2026-02-20T06:11:34Z -- [qa] PASS: Sitemap index (https://selfhosting.sh/sitemap-index.xml)
2026-02-20T06:11:34Z -- [qa] PASS: Sitemap 0 (https://selfhosting.sh/sitemap-0.xml)
2026-02-20T06:11:34Z -- [qa] PASS: About page (https://selfhosting.sh/about/)
2026-02-20T06:11:34Z -- [qa] PASS: Privacy page (https://selfhosting.sh/privacy/)
2026-02-20T06:11:35Z -- [qa] PASS: Terms page (https://selfhosting.sh/terms/)
2026-02-20T06:11:35Z -- [qa] PASS: Apps listing (https://selfhosting.sh/apps/)
2026-02-20T06:11:35Z -- [qa] PASS: Compare listing (https://selfhosting.sh/compare/)
2026-02-20T06:11:35Z -- [qa] PASS: Foundations listing (https://selfhosting.sh/foundations/)
2026-02-20T06:11:35Z -- [qa] PASS: Hardware listing (https://selfhosting.sh/hardware/)
2026-02-20T06:11:36Z -- [qa] PASS: Article: apps/actual-budget (https://selfhosting.sh/apps/actual-budget/)
2026-02-20T06:11:36Z -- [qa] PASS: Article: compare/adguard-home-vs-blocky (https://selfhosting.sh/compare/adguard-home-vs-blocky/)
2026-02-20T06:11:36Z -- [qa] PASS: Article: foundations/api-basics (https://selfhosting.sh/foundations/api-basics/)
2026-02-20T06:11:36Z -- [qa] PASS: Article: hardware/10gbe-networking (https://selfhosting.sh/hardware/10gbe-networking/)
2026-02-20T06:11:36Z -- [qa] PASS: RSS feed (https://selfhosting.sh/rss.xml)
2026-02-20T06:11:36Z -- [qa] PASS: robots.txt (https://selfhosting.sh/robots.txt)
2026-02-20T06:11:36Z -- [qa] PASS: 404 page (https://selfhosting.sh/this-page-does-not-exist-qa-test/)
2026-02-20T06:11:37Z -- [qa] PASS: OG tags on homepage (https://selfhosting.sh/)
2026-02-20T06:11:37Z -- [qa] QA complete: 21 checks, 0 failures
2026-02-20T06:11:37Z -- [qa] QA PASSED — all 21 checks passed
2026-02-20T10:03:29Z -- [qa] Starting post-deploy QA
2026-02-20T10:03:32Z -- [qa] QA complete: 21 checks, 0 failures
2026-02-20T10:03:32Z -- [qa] QA PASSED — all 21 checks passed
2026-02-20T10:06:38Z -- [qa] Starting post-deploy QA
2026-02-20T10:06:41Z -- [qa] QA complete: 21 checks, 0 failures
2026-02-20T10:06:41Z -- [qa] QA PASSED — all 21 checks passed
2026-02-20T10:36:41Z -- [qa] Starting post-deploy QA
2026-02-20T10:36:43Z -- [qa] QA complete: 21 checks, 0 failures
2026-02-20T10:36:43Z -- [qa] QA PASSED — all 21 checks passed
2026-02-20T11:06:43Z -- [qa] Starting post-deploy QA
2026-02-20T11:06:45Z -- [qa] QA complete: 21 checks, 0 failures
2026-02-20T11:06:45Z -- [qa] QA PASSED — all 21 checks passed
2026-02-20T11:36:47Z -- [qa] Starting post-deploy QA
2026-02-20T11:36:50Z -- [qa] QA complete: 21 checks, 0 failures
2026-02-20T11:36:50Z -- [qa] QA PASSED — all 21 checks passed
2026-02-20T15:37:07Z -- [qa] Starting post-deploy QA
2026-02-20T15:37:11Z -- [qa] QA complete: 21 checks, 0 failures
2026-02-20T15:37:11Z -- [qa] QA PASSED — all 21 checks passed
2026-02-20T16:07:01Z -- [qa] Starting post-deploy QA
2026-02-20T16:07:13Z -- [qa] FAIL: Article: hardware/10gbe-networking — expected 200, got 000 — https://selfhosting.sh/hardware/10gbe-networking/
2026-02-20T16:07:14Z -- [qa] QA complete: 21 checks, 1 failures
2026-02-20T16:07:14Z -- [qa] QA FAILED — 1 of 21 checks failed
2026-02-20T16:40:03Z -- [qa] Starting post-deploy QA
2026-02-20T16:40:08Z -- [qa] QA complete: 21 checks, 0 failures
2026-02-20T16:40:08Z -- [qa] QA PASSED — all 21 checks passed
2026-02-20T16:40:17Z -- [qa] Starting post-deploy QA
2026-02-20T16:40:20Z -- [qa] QA complete: 21 checks, 0 failures
2026-02-20T16:40:20Z -- [qa] QA PASSED — all 21 checks passed
2026-02-20T20:07:08Z -- [qa] Starting post-deploy QA
2026-02-20T20:07:11Z -- [qa] QA complete: 21 checks, 0 failures
2026-02-20T20:07:11Z -- [qa] QA PASSED — all 21 checks passed
2026-02-21T00:37:05Z -- [qa] Starting post-deploy QA
2026-02-21T00:37:08Z -- [qa] QA complete: 21 checks, 0 failures
2026-02-21T00:37:08Z -- [qa] QA PASSED — all 21 checks passed
2026-02-21T06:39:11Z -- [qa] Starting post-deploy QA
2026-02-21T06:39:13Z -- [qa] QA complete: 21 checks, 0 failures
2026-02-21T06:39:13Z -- [qa] QA PASSED — all 21 checks passed
2026-02-21T07:07:11Z -- [qa] Starting post-deploy QA
2026-02-21T07:07:13Z -- [qa] QA complete: 21 checks, 0 failures
2026-02-21T07:07:13Z -- [qa] QA PASSED — all 21 checks passed
2026-02-21T07:37:09Z -- [qa] Starting post-deploy QA
2026-02-21T07:37:11Z -- [qa] QA complete: 21 checks, 0 failures
2026-02-21T07:37:11Z -- [qa] QA PASSED — all 21 checks passed
2026-02-21T08:07:16Z -- [qa] Starting post-deploy QA
2026-02-21T08:07:18Z -- [qa] QA complete: 21 checks, 0 failures
2026-02-21T08:07:18Z -- [qa] QA PASSED — all 21 checks passed
2026-02-21T09:37:39Z -- [qa] Starting post-deploy QA
2026-02-21T09:37:42Z -- [qa] QA complete: 21 checks, 0 failures
2026-02-21T09:37:42Z -- [qa] QA PASSED — all 21 checks passed
2026-02-21T10:07:10Z -- [qa] Starting post-deploy QA
2026-02-21T10:07:13Z -- [qa] QA complete: 21 checks, 0 failures
2026-02-21T10:07:13Z -- [qa] QA PASSED — all 21 checks passed
2026-02-21T10:37:12Z -- [qa] Starting post-deploy QA
2026-02-21T10:37:14Z -- [qa] QA complete: 21 checks, 0 failures
2026-02-21T10:37:14Z -- [qa] QA PASSED — all 21 checks passed
