2026-02-19T23:55:43.005Z [social-poster] starting
2026-02-19T23:55:43.008Z [social-poster] queue has 58 posts
2026-02-19T23:55:43.317Z [social-poster] OK x: posted "Best hardware for Proxmox VE: a used Dell OptiPlex 7050 Micr..."
2026-02-19T23:55:43.650Z [social-poster] OK bluesky: posted "You don't need a rack server for Proxmox. A $150-200 used De..."
2026-02-19T23:55:43.651Z [social-poster] removed 2 posted items from queue (56 remaining)
2026-02-19T23:55:43.651Z [social-poster] done — 2 attempted, 2 succeeded, 56 remaining in queue
2026-02-20T00:02:35.059Z [social-poster] starting
2026-02-20T00:02:35.062Z [social-poster] queue has 56 posts
2026-02-20T00:02:35.062Z [social-poster] done — 0 attempted, 0 succeeded, 56 remaining in queue
2026-02-20T00:07:35.073Z [social-poster] starting
2026-02-20T00:07:35.076Z [social-poster] queue has 56 posts
2026-02-20T00:07:35.076Z [social-poster] done — 0 attempted, 0 succeeded, 56 remaining in queue
2026-02-20T00:12:35.178Z [social-poster] starting
2026-02-20T00:12:35.183Z [social-poster] queue has 56 posts
2026-02-20T00:12:35.183Z [social-poster] done — 0 attempted, 0 succeeded, 56 remaining in queue
2026-02-20T00:17:35.247Z [social-poster] starting
2026-02-20T00:17:35.250Z [social-poster] queue has 56 posts
2026-02-20T00:17:35.251Z [social-poster] done — 0 attempted, 0 succeeded, 56 remaining in queue
2026-02-20T00:22:35.252Z [social-poster] starting
2026-02-20T00:22:35.255Z [social-poster] queue has 56 posts
2026-02-20T00:22:35.256Z [social-poster] done — 0 attempted, 0 succeeded, 56 remaining in queue
2026-02-20T00:27:35.351Z [social-poster] starting
2026-02-20T00:27:35.355Z [social-poster] queue has 56 posts
2026-02-20T00:27:35.582Z [social-poster] OK bluesky: posted "Miniflux or FreshRSS? If you want speed and minimalism, Mini..."
2026-02-20T00:27:35.582Z [social-poster] removed 1 posted items from queue (55 remaining)
2026-02-20T00:27:35.583Z [social-poster] done — 1 attempted, 1 succeeded, 55 remaining in queue
2026-02-20T00:32:35.357Z [social-poster] starting
2026-02-20T00:32:35.361Z [social-poster] queue has 55 posts
2026-02-20T00:32:35.362Z [social-poster] done — 0 attempted, 0 succeeded, 55 remaining in queue
2026-02-20T00:37:35.370Z [social-poster] starting
2026-02-20T00:37:35.381Z [social-poster] queue has 1663 posts
2026-02-20T00:37:35.381Z [social-poster] done — 0 attempted, 0 succeeded, 1663 remaining in queue
2026-02-20T00:42:35.384Z [social-poster] starting
2026-02-20T00:42:35.393Z [social-poster] queue has 1717 posts
2026-02-20T00:42:35.394Z [social-poster] done — 0 attempted, 0 succeeded, 1717 remaining in queue
2026-02-20T00:47:35.414Z [social-poster] starting
2026-02-20T00:47:35.423Z [social-poster] queue has 1717 posts
2026-02-20T00:47:35.424Z [social-poster] done — 0 attempted, 0 succeeded, 1717 remaining in queue
2026-02-20T00:52:35.476Z [social-poster] starting
2026-02-20T00:52:35.486Z [social-poster] queue has 1717 posts
2026-02-20T00:52:35.487Z [social-poster] done — 0 attempted, 0 succeeded, 1717 remaining in queue
2026-02-20T00:57:35.488Z [social-poster] starting
2026-02-20T00:57:35.496Z [social-poster] queue has 1717 posts
2026-02-20T00:57:35.736Z [social-poster] OK x: posted "FreshRSS vs Miniflux — the two best self-hosted RSS readers,..."
2026-02-20T00:57:35.743Z [social-poster] removed 1 posted items from queue (1716 remaining)
2026-02-20T00:57:35.743Z [social-poster] done — 1 attempted, 1 succeeded, 1716 remaining in queue
2026-02-20T01:02:35.559Z [social-poster] starting
2026-02-20T01:02:35.568Z [social-poster] queue has 1716 posts
2026-02-20T01:02:35.917Z [social-poster] OK bluesky: posted "If you're still accessing self-hosted apps by IP and port nu..."
2026-02-20T01:02:35.924Z [social-poster] removed 1 posted items from queue (1715 remaining)
2026-02-20T01:02:35.924Z [social-poster] done — 1 attempted, 1 succeeded, 1715 remaining in queue
2026-02-20T01:07:35.584Z [social-poster] starting
2026-02-20T01:07:35.600Z [social-poster] queue has 1715 posts
2026-02-20T01:07:35.601Z [social-poster] done — 0 attempted, 0 succeeded, 1715 remaining in queue
2026-02-20T01:12:35.644Z [social-poster] starting
2026-02-20T01:12:35.654Z [social-poster] queue has 1715 posts
2026-02-20T01:12:35.654Z [social-poster] done — 0 attempted, 0 succeeded, 1715 remaining in queue
2026-02-20T01:25:08.219Z [social-poster] starting
2026-02-20T01:25:08.229Z [social-poster] queue has 1715 posts
2026-02-20T01:25:08.230Z [social-poster] done — 0 attempted, 0 succeeded, 1715 remaining in queue
2026-02-20T01:30:08.257Z [social-poster] starting
2026-02-20T01:30:08.270Z [social-poster] queue has 1715 posts
2026-02-20T01:30:08.271Z [social-poster] done — 0 attempted, 0 succeeded, 1715 remaining in queue
2026-02-20T01:35:08.292Z [social-poster] starting
2026-02-20T01:35:08.302Z [social-poster] queue has 1715 posts
2026-02-20T01:35:08.519Z [social-poster] OK bluesky: posted "Google DNS (8.8.8.8) logs every query tied to your IP. Four ..."
2026-02-20T01:35:08.525Z [social-poster] removed 1 posted items from queue (1714 remaining)
2026-02-20T01:35:08.525Z [social-poster] done — 1 attempted, 1 succeeded, 1714 remaining in queue
2026-02-20T01:40:08.299Z [social-poster] starting
2026-02-20T01:40:08.308Z [social-poster] queue has 1714 posts
2026-02-20T01:40:08.309Z [social-poster] done — 0 attempted, 0 succeeded, 1714 remaining in queue
2026-02-20T01:45:08.372Z [social-poster] starting
2026-02-20T01:45:08.380Z [social-poster] queue has 1714 posts
2026-02-20T01:45:08.380Z [social-poster] done — 0 attempted, 0 succeeded, 1714 remaining in queue
2026-02-20T01:50:08.378Z [social-poster] starting
2026-02-20T01:50:08.387Z [social-poster] queue has 1714 posts
2026-02-20T01:50:08.388Z [social-poster] done — 0 attempted, 0 succeeded, 1714 remaining in queue
2026-02-20T01:55:08.386Z [social-poster] starting
2026-02-20T01:55:08.398Z [social-poster] queue has 1714 posts
2026-02-20T01:55:08.399Z [social-poster] done — 0 attempted, 0 succeeded, 1714 remaining in queue
2026-02-20T02:00:08.414Z [social-poster] starting
2026-02-20T02:00:08.431Z [social-poster] queue has 1714 posts
2026-02-20T02:00:08.688Z [social-poster] OK x: posted "Every self-hoster running more than one app needs a reverse ..."
2026-02-20T02:00:08.694Z [social-poster] removed 1 posted items from queue (1713 remaining)
2026-02-20T02:00:08.695Z [social-poster] done — 1 attempted, 1 succeeded, 1713 remaining in queue
2026-02-20T02:05:08.397Z [social-poster] starting
2026-02-20T02:05:08.409Z [social-poster] queue has 1713 posts
2026-02-20T02:05:08.410Z [social-poster] done — 0 attempted, 0 succeeded, 1713 remaining in queue
