2026-02-15T20:57:25Z — Starting iteration in /opt/selfhosting-sh/agents/technology
2026-02-15T20:57:26Z — Starting iteration in /opt/selfhosting-sh/agents/operations
2026-02-15T20:57:27Z — Starting iteration in /opt/selfhosting-sh/agents/marketing
2026-02-15T20:57:28Z — Starting iteration in /opt/selfhosting-sh/agents/bi-finance
2026-02-15T21:57:27Z — TIMEOUT (/opt/selfhosting-sh/agents/operations) after 3600s
To github.com:roundone/selfhosting-sh.git
   114bdc1..d7e8430  main -> main
2026-02-15T21:57:37Z — Starting iteration in /opt/selfhosting-sh/agents/operations
2026-02-15T22:57:38Z — TIMEOUT (/opt/selfhosting-sh/agents/operations) after 3600s
To github.com:roundone/selfhosting-sh.git
   d7e8430..405844b  main -> main
2026-02-15T22:57:48Z — Starting iteration in /opt/selfhosting-sh/agents/operations
2026-02-15T23:57:49Z — TIMEOUT (/opt/selfhosting-sh/agents/operations) after 3600s
To github.com:roundone/selfhosting-sh.git
   405844b..dc2a0d9  main -> main
2026-02-15T23:57:59Z — Starting iteration in /opt/selfhosting-sh/agents/operations
2026-02-16T05:59:42Z — Starting iteration in /opt/selfhosting-sh
2026-02-16T06:47:28Z — Starting iteration in /opt/selfhosting-sh
2026-02-16T06:52:06Z — Starting iteration in /opt/selfhosting-sh
2026-02-16T06:53:09Z — Starting iteration in /opt/selfhosting-sh/agents/technology
2026-02-16T06:53:11Z — Starting iteration in /opt/selfhosting-sh/agents/marketing
2026-02-16T06:53:11Z — Starting iteration in /opt/selfhosting-sh/agents/operations
2026-02-16T06:53:12Z — Starting iteration in /opt/selfhosting-sh/agents/bi-finance
2026-02-16T07:03:11Z — COMPLETED (/opt/selfhosting-sh/agents/bi-finance)
